Using pre-set license
Built from '2020.3/staging' branch; Version is '2020.3.25f1 (9b9180224418) revision 10195328'; Using compiler version '192528614'; Build Type 'Release'
OS: 'Windows 10  (10.0.19043) 64bit Professional' Language: 'ko' Physical Memory: 16337 MB
BatchMode: 1, IsHumanControllingUs: 0, StartBugReporterOnCrash: 0, Is64bit: 1, IsPro: 0

COMMAND LINE ARGUMENTS:
D:\03.Program\Unity_Editor\2020.3.25f1\Editor\Unity.exe
-adb2
-batchMode
-noUpm
-name
AssetImportWorker0
-projectPath
D:/04.Data/Unity_Project/Unity_Drill_ZombieShoot
-logFile
Logs/AssetImportWorker0.log
-srvPort
13193
Successfully changed project path to: D:/04.Data/Unity_Project/Unity_Drill_ZombieShoot
D:/04.Data/Unity_Project/Unity_Drill_ZombieShoot
Using Asset Import Pipeline V2.
Refreshing native plugins compatible for Editor in 64.45 ms, found 2 plugins.
Preloading 0 native plugins for Editor in 0.00 ms.
Initialize engine version: 2020.3.25f1 (9b9180224418)
[Subsystems] Discovering subsystems at path D:/03.Program/Unity_Editor/2020.3.25f1/Editor/Data/Resources/UnitySubsystems
[Subsystems] Discovering subsystems at path D:/04.Data/Unity_Project/Unity_Drill_ZombieShoot/Assets
GfxDevice: creating device client; threaded=0
Direct3D:
    Version:  Direct3D 11.0 [level 11.1]
    Renderer: NVIDIA GeForce GTX 1060 3GB (ID=0x1c02)
    Vendor:   
    VRAM:     2988 MB
    Driver:   30.0.14.9676
Initialize mono
Mono path[0] = 'D:/03.Program/Unity_Editor/2020.3.25f1/Editor/Data/Managed'
Mono path[1] = 'D:/03.Program/Unity_Editor/2020.3.25f1/Editor/Data/MonoBleedingEdge/lib/mono/unityjit'
Mono config path = 'D:/03.Program/Unity_Editor/2020.3.25f1/Editor/Data/MonoBleedingEdge/etc'
Using monoOptions --debugger-agent=transport=dt_socket,embedding=1,server=y,suspend=n,address=127.0.0.1:56840
Begin MonoManager ReloadAssembly
Registering precompiled unity dll's ...
Register platform support module: D:/03.Program/Unity_Editor/2020.3.25f1/Editor/Data/PlaybackEngines/WindowsStandaloneSupport/UnityEditor.WindowsStandalone.Extensions.dll
Registered in 0.001759 seconds.
Native extension for WindowsStandalone target not found
Refreshing native plugins compatible for Editor in 52.24 ms, found 2 plugins.
Preloading 0 native plugins for Editor in 0.00 ms.
Mono: successfully reloaded assembly
- Completed reload, in  0.669 seconds
Domain Reload Profiling:
	ReloadAssembly (669ms)
		BeginReloadAssembly (72ms)
			ExecutionOrderSort (0ms)
			DisableScriptedObjects (0ms)
			BackupInstance (0ms)
			ReleaseScriptingObjects (0ms)
			CreateAndSetChildDomain (1ms)
		EndReloadAssembly (522ms)
			LoadAssemblies (72ms)
			RebuildTransferFunctionScriptingTraits (0ms)
			SetupTypeCache (190ms)
			ReleaseScriptCaches (0ms)
			RebuildScriptCaches (32ms)
			SetupLoadedEditorAssemblies (188ms)
				LogAssemblyErrors (0ms)
				InitializePlatformSupportModulesInManaged (4ms)
				SetLoadedEditorAssemblies (0ms)
				RefreshPlugins (52ms)
				BeforeProcessingInitializeOnLoad (13ms)
				ProcessInitializeOnLoadAttributes (88ms)
				ProcessInitializeOnLoadMethodAttributes (30ms)
				AfterProcessingInitializeOnLoad (0ms)
				EditorAssembliesLoaded (0ms)
			ExecutionOrderSort2 (0ms)
			AwakeInstancesAfterBackupRestoration (0ms)
Platform modules already initialized, skipping
Registering precompiled user dll's ...
Registered in 0.006443 seconds.
Begin MonoManager ReloadAssembly
Native extension for WindowsStandalone target not found
Refreshing native plugins compatible for Editor in 1.63 ms, found 2 plugins.
Preloading 0 native plugins for Editor in 0.00 ms.
Mono: successfully reloaded assembly
- Completed reload, in  1.344 seconds
Domain Reload Profiling:
	ReloadAssembly (1345ms)
		BeginReloadAssembly (158ms)
			ExecutionOrderSort (0ms)
			DisableScriptedObjects (5ms)
			BackupInstance (0ms)
			ReleaseScriptingObjects (0ms)
			CreateAndSetChildDomain (19ms)
		EndReloadAssembly (1124ms)
			LoadAssemblies (113ms)
			RebuildTransferFunctionScriptingTraits (0ms)
			SetupTypeCache (344ms)
			ReleaseScriptCaches (1ms)
			RebuildScriptCaches (81ms)
			SetupLoadedEditorAssemblies (489ms)
				LogAssemblyErrors (0ms)
				InitializePlatformSupportModulesInManaged (5ms)
				SetLoadedEditorAssemblies (1ms)
				RefreshPlugins (2ms)
				BeforeProcessingInitializeOnLoad (167ms)
				ProcessInitializeOnLoadAttributes (266ms)
				ProcessInitializeOnLoadMethodAttributes (45ms)
				AfterProcessingInitializeOnLoad (3ms)
				EditorAssembliesLoaded (0ms)
			ExecutionOrderSort2 (0ms)
			AwakeInstancesAfterBackupRestoration (7ms)
Platform modules already initialized, skipping
========================================================================
Worker process is ready to serve import requests
Launched and connected shader compiler UnityShaderCompiler.exe after 0.10 seconds
Refreshing native plugins compatible for Editor in 1.16 ms, found 2 plugins.
Preloading 0 native plugins for Editor in 0.00 ms.
Unloading 2379 Unused Serialized files (Serialized files now loaded: 0)
System memory in use before: 169.4 MB.
System memory in use after: 169.5 MB.

Unloading 59 unused Assets to reduce memory usage. Loaded Objects now: 2786.
Total: 6.951300 ms (FindLiveObjects: 0.257200 ms CreateObjectMapping: 0.059000 ms MarkObjects: 6.527500 ms  DeleteObjects: 0.105600 ms)

AssetImportParameters requested are different than current active one (requested -> active):
  custom:framework-win-MediaFoundation: 216162199b28c13a410421893ffa2e32 -> 
  custom:video-decoder-ogg-theora: a1e56fd34408186e4bbccfd4996cb3dc -> 
  custom:container-muxer-webm: aa71ff27fc2769a1b78a27578f13a17b -> 
  custom:container-demuxer-webm: 4f35f7cbe854078d1ac9338744f61a02 -> 
  custom:container-demuxer-ogg: 62fdf1f143b41e24485cea50d1cbac27 -> 
  custom:video-encoder-webm-vp8: eb34c28f22e8b96e1ab97ce403110664 -> 
  custom:video-decoder-webm-vp8: 9c59270c3fd7afecdb556c50c9e8de78 -> 
  custom:audio-decoder-ogg-vorbis: bf7c407c2cedff20999df2af8eb42d56 -> 
  custom:audio-encoder-webm-vorbis: bf7c407c2cedff20999df2af8eb42d56 -> 
========================================================================
Received Import Request.
  path: Assets/Scripts/IDamageable.cs
  artifactKey: Guid(b4ce6ac00eca45c45a0515374c3a2a02) Importer(815301076,1909f56bfc062723c751e8b465ee728b)
Start importing Assets/Scripts/IDamageable.cs using Guid(b4ce6ac00eca45c45a0515374c3a2a02) Importer(815301076,1909f56bfc062723c751e8b465ee728b)  -> (artifact id: '08157f0c7cd479c6b787b596794e9959') in 0.064515 seconds 
  Import took 0.068421 seconds .

========================================================================
Received Import Request.
  Time since last request: 503.631623 seconds.
  path: Assets/Prefabs/ShellEjectEffect.prefab
  artifactKey: Guid(8e60b325a019543cbb2e3920522a2e6b) Importer(815301076,1909f56bfc062723c751e8b465ee728b)
Start importing Assets/Prefabs/ShellEjectEffect.prefab using Guid(8e60b325a019543cbb2e3920522a2e6b) Importer(815301076,1909f56bfc062723c751e8b465ee728b)  -> (artifact id: '6e4c44194718a79389d5d9f16be7a049') in 0.301044 seconds 
  Import took 0.305126 seconds .

========================================================================
Received Import Request.
  Time since last request: 4.308791 seconds.
  path: Assets/Prefabs/MuzzleFlashEffect.prefab
  artifactKey: Guid(74d744994bc414c37bfda957f1d57118) Importer(815301076,1909f56bfc062723c751e8b465ee728b)
Start importing Assets/Prefabs/MuzzleFlashEffect.prefab using Guid(74d744994bc414c37bfda957f1d57118) Importer(815301076,1909f56bfc062723c751e8b465ee728b)  -> (artifact id: 'eb09ba74fe86fb08ced50f37b9fa973f') in 0.061824 seconds 
  Import took 0.065544 seconds .

========================================================================
Received Import Request.
  Time since last request: 19.840776 seconds.
  path: Assets/Materials/MuzzleFlashParticle.mat
  artifactKey: Guid(527027c8baf2f0540be3104a3ec38a99) Importer(815301076,1909f56bfc062723c751e8b465ee728b)
Start importing Assets/Materials/MuzzleFlashParticle.mat using Guid(527027c8baf2f0540be3104a3ec38a99) Importer(815301076,1909f56bfc062723c751e8b465ee728b)  -> (artifact id: 'f76a187bbf29ecc5ca15e6bd164e72b6') in 0.036096 seconds 
  Import took 0.040203 seconds .

========================================================================
Received Import Request.
  Time since last request: 686.316801 seconds.
  path: Assets/Scripts/Gun.cs
  artifactKey: Guid(93c14943f73d87543b453f3a037d7029) Importer(815301076,1909f56bfc062723c751e8b465ee728b)
Start importing Assets/Scripts/Gun.cs using Guid(93c14943f73d87543b453f3a037d7029) Importer(815301076,1909f56bfc062723c751e8b465ee728b)  -> (artifact id: 'f1733e47928f2b0ced76408baab3df48') in 0.007563 seconds 
  Import took 0.011296 seconds .

========================================================================
Received Prepare
Registering precompiled user dll's ...
Registered in 0.006223 seconds.
Begin MonoManager ReloadAssembly
Native extension for WindowsStandalone target not found
Refreshing native plugins compatible for Editor in 0.81 ms, found 2 plugins.
Preloading 0 native plugins for Editor in 0.00 ms.
Mono: successfully reloaded assembly
- Completed reload, in  1.099 seconds
Domain Reload Profiling:
	ReloadAssembly (1100ms)
		BeginReloadAssembly (172ms)
			ExecutionOrderSort (0ms)
			DisableScriptedObjects (5ms)
			BackupInstance (0ms)
			ReleaseScriptingObjects (0ms)
			CreateAndSetChildDomain (58ms)
		EndReloadAssembly (865ms)
			LoadAssemblies (123ms)
			RebuildTransferFunctionScriptingTraits (0ms)
			SetupTypeCache (293ms)
			ReleaseScriptCaches (1ms)
			RebuildScriptCaches (40ms)
			SetupLoadedEditorAssemblies (346ms)
				LogAssemblyErrors (0ms)
				InitializePlatformSupportModulesInManaged (4ms)
				SetLoadedEditorAssemblies (1ms)
				RefreshPlugins (1ms)
				BeforeProcessingInitializeOnLoad (92ms)
				ProcessInitializeOnLoadAttributes (208ms)
				ProcessInitializeOnLoadMethodAttributes (37ms)
				AfterProcessingInitializeOnLoad (3ms)
				EditorAssembliesLoaded (0ms)
			ExecutionOrderSort2 (0ms)
			AwakeInstancesAfterBackupRestoration (7ms)
Platform modules already initialized, skipping
Refreshing native plugins compatible for Editor in 0.93 ms, found 2 plugins.
Preloading 0 native plugins for Editor in 0.00 ms.
Unloading 2344 Unused Serialized files (Serialized files now loaded: 0)
System memory in use before: 169.7 MB.
System memory in use after: 169.9 MB.

Unloading 50 unused Assets to reduce memory usage. Loaded Objects now: 2829.
Total: 6.210000 ms (FindLiveObjects: 0.212300 ms CreateObjectMapping: 0.057700 ms MarkObjects: 5.908900 ms  DeleteObjects: 0.030000 ms)

AssetImportParameters requested are different than current active one (requested -> active):
  custom:framework-win-MediaFoundation: 216162199b28c13a410421893ffa2e32 -> 
  custom:video-decoder-ogg-theora: a1e56fd34408186e4bbccfd4996cb3dc -> 
  custom:container-muxer-webm: aa71ff27fc2769a1b78a27578f13a17b -> 
  custom:container-demuxer-webm: 4f35f7cbe854078d1ac9338744f61a02 -> 
  custom:container-demuxer-ogg: 62fdf1f143b41e24485cea50d1cbac27 -> 
  custom:video-encoder-webm-vp8: eb34c28f22e8b96e1ab97ce403110664 -> 
  custom:video-decoder-webm-vp8: 9c59270c3fd7afecdb556c50c9e8de78 -> 
  custom:audio-decoder-ogg-vorbis: bf7c407c2cedff20999df2af8eb42d56 -> 
  custom:audio-encoder-webm-vorbis: bf7c407c2cedff20999df2af8eb42d56 -> 
========================================================================
Received Import Request.
  Time since last request: 768.076233 seconds.
  path: Assets/Scripts/Gun.cs
  artifactKey: Guid(93c14943f73d87543b453f3a037d7029) Importer(815301076,1909f56bfc062723c751e8b465ee728b)
Start importing Assets/Scripts/Gun.cs using Guid(93c14943f73d87543b453f3a037d7029) Importer(815301076,1909f56bfc062723c751e8b465ee728b)  -> (artifact id: '26e104f358bfd29f47555d5d1f652ba6') in 0.005833 seconds 
  Import took 0.009155 seconds .

========================================================================
Received Prepare
Registering precompiled user dll's ...
Registered in 0.006419 seconds.
Begin MonoManager ReloadAssembly
Native extension for WindowsStandalone target not found
Refreshing native plugins compatible for Editor in 0.81 ms, found 2 plugins.
Preloading 0 native plugins for Editor in 0.00 ms.
Mono: successfully reloaded assembly
- Completed reload, in  1.096 seconds
Domain Reload Profiling:
	ReloadAssembly (1097ms)
		BeginReloadAssembly (142ms)
			ExecutionOrderSort (0ms)
			DisableScriptedObjects (7ms)
			BackupInstance (0ms)
			ReleaseScriptingObjects (0ms)
			CreateAndSetChildDomain (49ms)
		EndReloadAssembly (893ms)
			LoadAssemblies (113ms)
			RebuildTransferFunctionScriptingTraits (0ms)
			SetupTypeCache (295ms)
			ReleaseScriptCaches (1ms)
			RebuildScriptCaches (40ms)
			SetupLoadedEditorAssemblies (357ms)
				LogAssemblyErrors (0ms)
				InitializePlatformSupportModulesInManaged (4ms)
				SetLoadedEditorAssemblies (1ms)
				RefreshPlugins (1ms)
				BeforeProcessingInitializeOnLoad (96ms)
				ProcessInitializeOnLoadAttributes (214ms)
				ProcessInitializeOnLoadMethodAttributes (38ms)
				AfterProcessingInitializeOnLoad (3ms)
				EditorAssembliesLoaded (0ms)
			ExecutionOrderSort2 (0ms)
			AwakeInstancesAfterBackupRestoration (7ms)
Platform modules already initialized, skipping
Refreshing native plugins compatible for Editor in 0.81 ms, found 2 plugins.
Preloading 0 native plugins for Editor in 0.00 ms.
Unloading 2344 Unused Serialized files (Serialized files now loaded: 0)
System memory in use before: 169.8 MB.
System memory in use after: 170.0 MB.

Unloading 50 unused Assets to reduce memory usage. Loaded Objects now: 2831.
Total: 6.810100 ms (FindLiveObjects: 0.308600 ms CreateObjectMapping: 0.060900 ms MarkObjects: 6.404400 ms  DeleteObjects: 0.034400 ms)

AssetImportParameters requested are different than current active one (requested -> active):
  custom:framework-win-MediaFoundation: 216162199b28c13a410421893ffa2e32 -> 
  custom:video-decoder-ogg-theora: a1e56fd34408186e4bbccfd4996cb3dc -> 
  custom:container-muxer-webm: aa71ff27fc2769a1b78a27578f13a17b -> 
  custom:container-demuxer-webm: 4f35f7cbe854078d1ac9338744f61a02 -> 
  custom:container-demuxer-ogg: 62fdf1f143b41e24485cea50d1cbac27 -> 
  custom:video-encoder-webm-vp8: eb34c28f22e8b96e1ab97ce403110664 -> 
  custom:video-decoder-webm-vp8: 9c59270c3fd7afecdb556c50c9e8de78 -> 
  custom:audio-decoder-ogg-vorbis: bf7c407c2cedff20999df2af8eb42d56 -> 
  custom:audio-encoder-webm-vorbis: bf7c407c2cedff20999df2af8eb42d56 -> 
========================================================================
Received Import Request.
  Time since last request: 4237.401224 seconds.
  path: Assets/Scripts/Gun.cs
  artifactKey: Guid(93c14943f73d87543b453f3a037d7029) Importer(815301076,1909f56bfc062723c751e8b465ee728b)
Start importing Assets/Scripts/Gun.cs using Guid(93c14943f73d87543b453f3a037d7029) Importer(815301076,1909f56bfc062723c751e8b465ee728b)  -> (artifact id: '8bf10c21dfd2c65254c6211859c2ba96') in 0.006105 seconds 
  Import took 0.009832 seconds .

AssetImportWorkerClient::OnTransportError - code=2 error=End of file
